{
  "RSpec": {
    "coverage": {
      "/Users/Paoc/pro/elblog/lib/elblog.rb": [
        1,
        null,
        null,
        1,
        1,
        1,
        8,
        null,
        null,
        1,
        1,
        13,
        null,
        null,
        1,
        1,
        13,
        null,
        null,
        1,
        1,
        1,
        null,
        null
      ],
      "/Users/Paoc/pro/elblog/lib/elblog/engine.rb": [
        null,
        null,
        1,
        null,
        null,
        1,
        1,
        1,
        1,
        1,
        1,
        null,
        null,
        1,
        1,
        1,
        null,
        null,
        null
      ],
      "/Users/Paoc/pro/elblog/config/initializers/bootsy.rb": [
        null,
        1,
        null,
        null,
        null,
        null,
        null,
        null,
        null,
        null,
        null,
        null,
        null,
        null,
        null,
        null,
        null,
        1,
        null,
        null,
        null,
        null,
        null,
        null,
        null,
        null,
        null,
        null,
        null,
        null,
        null,
        null,
        null,
        null,
        null,
        null,
        null,
        null,
        null,
        null,
        null,
        null,
        null,
        null,
        null,
        null,
        null,
        null,
        null,
        null,
        null,
        null,
        null,
        null,
        null,
        null,
        null,
        null,
        null,
        null,
        null,
        null,
        null,
        null,
        null,
        null,
        null,
        null,
        null
      ],
      "/Users/Paoc/pro/elblog/config/routes.rb": [
        1,
        1,
        1,
        null
      ],
      "/Users/Paoc/pro/elblog/app/controllers/elblog/posts_controller.rb": [
        1,
        null,
        1,
        null,
        null,
        1,
        1,
        null,
        null,
        1,
        null,
        null,
        1,
        1,
        null,
        null,
        null,
        1,
        null,
        null,
        null,
        1,
        1,
        null,
        null,
        null,
        1,
        null,
        null,
        null,
        1,
        5,
        null,
        5,
        3,
        null,
        2,
        null,
        null,
        null,
        null,
        1,
        3,
        1,
        null,
        2,
        null,
        null,
        null,
        null,
        1,
        2,
        2,
        null,
        null,
        1,
        null,
        null,
        1,
        7,
        null,
        null,
        null,
        1,
        8,
        null,
        null,
        null,
        null
      ],
      "/Users/Paoc/pro/elblog/app/controllers/elblog/application_controller.rb": [
        1,
        1,
        null,
        null
      ],
      "/Users/Paoc/pro/elblog/app/helpers/elblog/application_helper.rb": [
        1,
        null,
        null,
        1,
        1,
        3,
        null,
        null
      ],
      "/Users/Paoc/pro/elblog/app/helpers/elblog/posts_helper.rb": [
        1,
        null,
        null,
        1,
        1,
        6,
        null,
        null,
        1,
        8,
        null,
        null,
        1,
        2,
        null,
        null,
        1,
        4,
        null,
        null,
        null
      ],
      "/Users/Paoc/pro/elblog/app/models/elblog/post.rb": [
        1,
        null,
        null,
        1,
        1,
        1,
        1,
        null,
        1,
        null,
        null
      ]
    },
    "timestamp": 1429144099
  }
}
